{
    "apiVersion": "v1",
    "items": [
        {
            "apiVersion": "v1",
            "count": 6602,
            "eventTime": null,
            "firstTimestamp": "2024-01-02T19:59:52Z",
            "involvedObject": {
                "apiVersion": "v1",
                "kind": "PersistentVolumeClaim",
                "name": "config-home-assistant-0",
                "namespace": "default",
                "resourceVersion": "1313662",
                "uid": "df877df7-c882-4b46-8cb4-5426c23213ae"
            },
            "kind": "Event",
            "lastTimestamp": "2024-01-03T23:30:01Z",
            "message": "storageclass.storage.k8s.io \"ceph-rbd\" not found",
            "metadata": {
                "creationTimestamp": "2024-01-02T19:59:52Z",
                "name": "config-home-assistant-0.17a6a025a6edb8e1",
                "namespace": "default",
                "resourceVersion": "2147847",
                "uid": "9dcb8845-26d7-490e-af8a-e072e43e0eb5"
            },
            "reason": "ProvisioningFailed",
            "reportingComponent": "persistentvolume-controller",
            "reportingInstance": "",
            "source": {
                "component": "persistentvolume-controller"
            },
            "type": "Warning"
        },
        {
            "action": "Scheduling",
            "apiVersion": "v1",
            "eventTime": "2024-01-03T22:21:32.753595Z",
            "firstTimestamp": null,
            "involvedObject": {
                "apiVersion": "v1",
                "kind": "Pod",
                "name": "home-assistant-9dc588ddf-sh75m",
                "namespace": "default",
                "resourceVersion": "2101111",
                "uid": "b9034c12-6e15-4f2c-a1a3-3bf69df4a5da"
            },
            "kind": "Event",
            "lastTimestamp": null,
            "message": "running PreBind plugin \"VolumeBinding\": binding volumes: timed out waiting for the condition",
            "metadata": {
                "creationTimestamp": "2024-01-03T22:21:32Z",
                "name": "home-assistant-9dc588ddf-sh75m.17a6f67551ff3d21",
                "namespace": "default",
                "resourceVersion": "2120427",
                "uid": "ac8ce28b-4c66-4f69-91ed-f984645a6d53"
            },
            "reason": "FailedScheduling",
            "reportingComponent": "default-scheduler",
            "reportingInstance": "default-scheduler-node01",
            "series": {
                "count": 2,
                "lastObservedTime": "2024-01-03T22:31:40.808435Z"
            },
            "source": {},
            "type": "Warning"
        },
        {
            "action": "Scheduling",
            "apiVersion": "v1",
            "eventTime": "2024-01-03T22:41:51.069957Z",
            "firstTimestamp": null,
            "involvedObject": {
                "apiVersion": "v1",
                "kind": "Pod",
                "name": "home-assistant-9dc588ddf-sh75m",
                "namespace": "default",
                "resourceVersion": "2101111",
                "uid": "b9034c12-6e15-4f2c-a1a3-3bf69df4a5da"
            },
            "kind": "Event",
            "lastTimestamp": null,
            "message": "running PreBind plugin \"VolumeBinding\": binding volumes: timed out waiting for the condition",
            "metadata": {
                "creationTimestamp": "2024-01-03T22:41:51Z",
                "name": "home-assistant-9dc588ddf-sh75m.17a6f790fb4f9bf5",
                "namespace": "default",
                "resourceVersion": "2125167",
                "uid": "14a36ce6-86e7-4975-af44-baf7308aac6d"
            },
            "reason": "FailedScheduling",
            "reportingComponent": "default-scheduler",
            "reportingInstance": "default-scheduler-node01",
            "source": {},
            "type": "Warning"
        },
        {
            "action": "Scheduling",
            "apiVersion": "v1",
            "eventTime": "2024-01-03T22:52:01.354106Z",
            "firstTimestamp": null,
            "involvedObject": {
                "apiVersion": "v1",
                "kind": "Pod",
                "name": "home-assistant-9dc588ddf-sh75m",
                "namespace": "default",
                "resourceVersion": "2101111",
                "uid": "b9034c12-6e15-4f2c-a1a3-3bf69df4a5da"
            },
            "kind": "Event",
            "lastTimestamp": null,
            "message": "running PreBind plugin \"VolumeBinding\": binding volumes: timed out waiting for the condition",
            "metadata": {
                "creationTimestamp": "2024-01-03T22:52:01Z",
                "name": "home-assistant-9dc588ddf-sh75m.17a6f81f1314b837",
                "namespace": "default",
                "resourceVersion": "2134743",
                "uid": "11a7e722-87c0-41c3-a587-25dd9f831ea0"
            },
            "reason": "FailedScheduling",
            "reportingComponent": "default-scheduler",
            "reportingInstance": "default-scheduler-node01",
            "series": {
                "count": 2,
                "lastObservedTime": "2024-01-03T23:02:11.663677Z"
            },
            "source": {},
            "type": "Warning"
        },
        {
            "action": "Scheduling",
            "apiVersion": "v1",
            "eventTime": "2024-01-03T23:12:21.722073Z",
            "firstTimestamp": null,
            "involvedObject": {
                "apiVersion": "v1",
                "kind": "Pod",
                "name": "home-assistant-9dc588ddf-sh75m",
                "namespace": "default",
                "resourceVersion": "2101111",
                "uid": "b9034c12-6e15-4f2c-a1a3-3bf69df4a5da"
            },
            "kind": "Event",
            "lastTimestamp": null,
            "message": "running PreBind plugin \"VolumeBinding\": binding volumes: timed out waiting for the condition",
            "metadata": {
                "creationTimestamp": "2024-01-03T23:12:21Z",
                "name": "home-assistant-9dc588ddf-sh75m.17a6f93b36ae17b9",
                "namespace": "default",
                "resourceVersion": "2139491",
                "uid": "b850ac6b-6a6c-42f9-b178-41f82f01434f"
            },
            "reason": "FailedScheduling",
            "reportingComponent": "default-scheduler",
            "reportingInstance": "default-scheduler-node01",
            "source": {},
            "type": "Warning"
        },
        {
            "action": "Scheduling",
            "apiVersion": "v1",
            "eventTime": "2024-01-03T23:22:32.039130Z",
            "firstTimestamp": null,
            "involvedObject": {
                "apiVersion": "v1",
                "kind": "Pod",
                "name": "home-assistant-9dc588ddf-sh75m",
                "namespace": "default",
                "resourceVersion": "2101111",
                "uid": "b9034c12-6e15-4f2c-a1a3-3bf69df4a5da"
            },
            "kind": "Event",
            "lastTimestamp": null,
            "message": "running PreBind plugin \"VolumeBinding\": binding volumes: timed out waiting for the condition",
            "metadata": {
                "creationTimestamp": "2024-01-03T23:22:32Z",
                "name": "home-assistant-9dc588ddf-sh75m.17a6f9c950695440",
                "namespace": "default",
                "resourceVersion": "2144287",
                "uid": "e8ccbe3a-4321-4fe8-bc6f-f8d3d164b5a7"
            },
            "reason": "FailedScheduling",
            "reportingComponent": "default-scheduler",
            "reportingInstance": "default-scheduler-node01",
            "source": {},
            "type": "Warning"
        },
        {
            "apiVersion": "v1",
            "count": 442,
            "eventTime": null,
            "firstTimestamp": "2024-01-03T21:41:24Z",
            "involvedObject": {
                "apiVersion": "v1",
                "kind": "PersistentVolumeClaim",
                "name": "home-assistant-pv",
                "namespace": "default",
                "resourceVersion": "2095954",
                "uid": "624f3674-9ccf-4d7a-b7d6-5f9519fdbd90"
            },
            "kind": "Event",
            "lastTimestamp": "2024-01-03T23:31:31Z",
            "message": "Waiting for a volume to be created either by the external provisioner 'cluster.local/local-path-provisioner' or manually by the system administrator. If volume creation is delayed, please verify that the provisioner is running and correctly registered.",
            "metadata": {
                "creationTimestamp": "2024-01-03T21:41:24Z",
                "name": "home-assistant-pv.17a6f444829318a1",
                "namespace": "default",
                "resourceVersion": "2148544",
                "uid": "a65ee649-270f-4e85-88c4-983a0e9997ec"
            },
            "reason": "ExternalProvisioning",
            "reportingComponent": "persistentvolume-controller",
            "reportingInstance": "",
            "source": {
                "component": "persistentvolume-controller"
            },
            "type": "Normal"
        },
        {
            "apiVersion": "v1",
            "count": 19,
            "eventTime": null,
            "firstTimestamp": "2024-01-03T21:41:25Z",
            "involvedObject": {
                "apiVersion": "v1",
                "kind": "PersistentVolumeClaim",
                "name": "home-assistant-pv",
                "namespace": "default",
                "resourceVersion": "2095954",
                "uid": "624f3674-9ccf-4d7a-b7d6-5f9519fdbd90"
            },
            "kind": "Event",
            "lastTimestamp": "2024-01-03T23:31:25Z",
            "message": "External provisioner is provisioning volume for claim \"default/home-assistant-pv\"",
            "metadata": {
                "creationTimestamp": "2024-01-03T21:41:25Z",
                "name": "home-assistant-pv.17a6f444b98a2545",
                "namespace": "default",
                "resourceVersion": "2148495",
                "uid": "f7f251db-4b26-4dc1-bc3b-87c2d636f984"
            },
            "reason": "Provisioning",
            "reportingComponent": "cluster.local/local-path-provisioner_local-path-provisioner-999c9dbb7-tsnkw_e63f2138-4a04-4caa-a9a0-f49da1a5922c",
            "reportingInstance": "",
            "source": {
                "component": "cluster.local/local-path-provisioner_local-path-provisioner-999c9dbb7-tsnkw_e63f2138-4a04-4caa-a9a0-f49da1a5922c"
            },
            "type": "Normal"
        },
        {
            "apiVersion": "v1",
            "count": 19,
            "eventTime": null,
            "firstTimestamp": "2024-01-03T21:41:25Z",
            "involvedObject": {
                "apiVersion": "v1",
                "kind": "PersistentVolumeClaim",
                "name": "home-assistant-pv",
                "namespace": "default",
                "resourceVersion": "2095954",
                "uid": "624f3674-9ccf-4d7a-b7d6-5f9519fdbd90"
            },
            "kind": "Event",
            "lastTimestamp": "2024-01-03T23:31:25Z",
            "message": "failed to provision volume with StorageClass \"local-path\": NodePath only supports ReadWriteOnce and ReadWriteOncePod (1.22+) access modes",
            "metadata": {
                "creationTimestamp": "2024-01-03T21:41:25Z",
                "name": "home-assistant-pv.17a6f444ba96f26a",
                "namespace": "default",
                "resourceVersion": "2148498",
                "uid": "beced6af-65c6-4e4f-ac19-5cfde376567d"
            },
            "reason": "ProvisioningFailed",
            "reportingComponent": "cluster.local/local-path-provisioner_local-path-provisioner-999c9dbb7-tsnkw_e63f2138-4a04-4caa-a9a0-f49da1a5922c",
            "reportingInstance": "",
            "source": {
                "component": "cluster.local/local-path-provisioner_local-path-provisioner-999c9dbb7-tsnkw_e63f2138-4a04-4caa-a9a0-f49da1a5922c"
            },
            "type": "Warning"
        }
    ],
    "kind": "List",
    "metadata": {
        "resourceVersion": ""
    }
}
